# JRE version: OpenJDK Runtime Environment (7.0_55-b14) (build 1.7.0_55-b14)
# Java VM: OpenJDK Client VM (24.51-b03 mixed mode, sharing linux-x86 )
Heap
 def new generation   total 4224K, used 138K [0x67080000, 0x67510000, 0x717d0000)
  eden space 3776K,   3% used [0x67080000, 0x670a2878, 0x67430000)
  from space 448K,   0% used [0x67430000, 0x67430000, 0x674a0000)
  to   space 448K,   0% used [0x674a0000, 0x674a0000, 0x67510000)
 tenured generation   total 9804K, used 9803K [0x717d0000, 0x72163000, 0x86680000)
   the space 9804K,  99% used [0x717d0000, 0x72162ff8, 0x72163000, 0x72163000)
 compacting perm gen  total 12288K, used 2482K [0x86680000, 0x87280000, 0x8a680000)
   the space 12288K,  20% used [0x86680000, 0x868ecba0, 0x868ecc00, 0x87280000)
    ro space 10240K,  58% used [0x8a680000, 0x8ac5cc30, 0x8ac5ce00, 0x8b080000)
    rw space 12288K,  59% used [0x8b080000, 0x8b79d098, 0x8b79d200, 0x8bc80000)
GC Heap History (10 events):
Event: 5,779 GC heap after
Heap after GC invocations=11 (full 1):
 def new generation   total 3072K, used 320K [0x67080000, 0x673d0000, 0x717d0000)
  eden space 2752K,   0% used [0x67080000, 0x67080000, 0x67330000)
  from space 320K, 100% used [0x67380000, 0x673d0000, 0x673d0000)
  to   space 320K,   0% used [0x67330000, 0x67330000, 0x67380000)
 tenured generation   total 6736K, used 5595K [0x717d0000, 0x71e64000, 0x86680000)
   the space 6736K,  83% used [0x717d0000, 0x71d46f98, 0x71d47000, 0x71e64000)
 compacting perm gen  total 12288K, used 2398K [0x86680000, 0x87280000, 0x8a680000)
   the space 12288K,  19% used [0x86680000, 0x868d7940, 0x868d7a00, 0x87280000)
    ro space 10240K,  58% used [0x8a680000, 0x8ac5cc30, 0x8ac5ce00, 0x8b080000)
    rw space 12288K,  59% used [0x8b080000, 0x8b79d098, 0x8b79d200, 0x8bc80000)
}
Event: 5,805 GC heap before
{Heap before GC invocations=11 (full 1):
 def new generation   total 3072K, used 3072K [0x67080000, 0x673d0000, 0x717d0000)
  eden space 2752K, 100% used [0x67080000, 0x67330000, 0x67330000)
  from space 320K, 100% used [0x67380000, 0x673d0000, 0x673d0000)
  to   space 320K,   0% used [0x67330000, 0x67330000, 0x67380000)
 tenured generation   total 6736K, used 5595K [0x717d0000, 0x71e64000, 0x86680000)
   the space 6736K,  83% used [0x717d0000, 0x71d46f98, 0x71d47000, 0x71e64000)
 compacting perm gen  total 12288K, used 2405K [0x86680000, 0x87280000, 0x8a680000)
   the space 12288K,  19% used [0x86680000, 0x868d9400, 0x868d9400, 0x87280000)
    ro space 10240K,  58% used [0x8a680000, 0x8ac5cc30, 0x8ac5ce00, 0x8b080000)
    rw space 12288K,  59% used [0x8b080000, 0x8b79d098, 0x8b79d200, 0x8bc80000)
Event: 5,834 GC heap after
Heap after GC invocations=12 (full 2):
 def new generation   total 4224K, used 0K [0x67080000, 0x67510000, 0x717d0000)
  eden space 3776K,   0% used [0x67080000, 0x67080000, 0x67430000)
  from space 448K,   0% used [0x67430000, 0x67430000, 0x674a0000)
  to   space 448K,   0% used [0x674a0000, 0x674a0000, 0x67510000)
 tenured generation   total 9292K, used 5575K [0x717d0000, 0x720e3000, 0x86680000)
   the space 9292K,  59% used [0x717d0000, 0x71d41c10, 0x71d41e00, 0x720e3000)
 compacting perm gen  total 12288K, used 2405K [0x86680000, 0x87280000, 0x8a680000)
   the space 12288K,  19% used [0x86680000, 0x868d9400, 0x868d9400, 0x87280000)
    ro space 10240K,  58% used [0x8a680000, 0x8ac5cc30, 0x8ac5ce00, 0x8b080000)
    rw space 12288K,  59% used [0x8b080000, 0x8b79d098, 0x8b79d200, 0x8bc80000)
}
Event: 5,850 GC heap before
{Heap before GC invocations=12 (full 2):
 def new generation   total 4224K, used 3776K [0x67080000, 0x67510000, 0x717d0000)
  eden space 3776K, 100% used [0x67080000, 0x67430000, 0x67430000)
  from space 448K,   0% used [0x67430000, 0x67430000, 0x674a0000)
  to   space 448K,   0% used [0x674a0000, 0x674a0000, 0x67510000)
 tenured generation   total 9292K, used 5575K [0x717d0000, 0x720e3000, 0x86680000)
   the space 9292K,  59% used [0x717d0000, 0x71d41c10, 0x71d41e00, 0x720e3000)
 compacting perm gen  total 12288K, used 2405K [0x86680000, 0x87280000, 0x8a680000)
   the space 12288K,  19% used [0x86680000, 0x868d9410, 0x868d9600, 0x87280000)
    ro space 10240K,  58% used [0x8a680000, 0x8ac5cc30, 0x8ac5ce00, 0x8b080000)
    rw space 12288K,  59% used [0x8b080000, 0x8b79d098, 0x8b79d200, 0x8bc80000)
Event: 5,853 GC heap after
Heap after GC invocations=13 (full 2):
 def new generation   total 4224K, used 447K [0x67080000, 0x67510000, 0x717d0000)
  eden space 3776K,   0% used [0x67080000, 0x67080000, 0x67430000)
  from space 448K,  99% used [0x674a0000, 0x6750fff8, 0x67510000)
  to   space 448K,   0% used [0x67430000, 0x67430000, 0x674a0000)
 tenured generation   total 9292K, used 7162K [0x717d0000, 0x720e3000, 0x86680000)
   the space 9292K,  77% used [0x717d0000, 0x71ece8b0, 0x71ecea00, 0x720e3000)
 compacting perm gen  total 12288K, used 2405K [0x86680000, 0x87280000, 0x8a680000)
   the space 12288K,  19% used [0x86680000, 0x868d9410, 0x868d9600, 0x87280000)
    ro space 10240K,  58% used [0x8a680000, 0x8ac5cc30, 0x8ac5ce00, 0x8b080000)
    rw space 12288K,  59% used [0x8b080000, 0x8b79d098, 0x8b79d200, 0x8bc80000)
}
Event: 6,228 GC heap before
{Heap before GC invocations=13 (full 2):
 def new generation   total 4224K, used 4223K [0x67080000, 0x67510000, 0x717d0000)
  eden space 3776K, 100% used [0x67080000, 0x67430000, 0x67430000)
  from space 448K,  99% used [0x674a0000, 0x6750fff8, 0x67510000)
  to   space 448K,   0% used [0x67430000, 0x67430000, 0x674a0000)
 tenured generation   total 9292K, used 7162K [0x717d0000, 0x720e3000, 0x86680000)
   the space 9292K,  77% used [0x717d0000, 0x71ece8b0, 0x71ecea00, 0x720e3000)
 compacting perm gen  total 12288K, used 2434K [0x86680000, 0x87280000, 0x8a680000)
   the space 12288K,  19% used [0x86680000, 0x868e0b68, 0x868e0c00, 0x87280000)
    ro space 10240K,  58% used [0x8a680000, 0x8ac5cc30, 0x8ac5ce00, 0x8b080000)
    rw space 12288K,  59% used [0x8b080000, 0x8b79d098, 0x8b79d200, 0x8bc80000)
Event: 6,236 GC heap after
Heap after GC invocations=14 (full 2):
 def new generation   total 4224K, used 448K [0x67080000, 0x67510000, 0x717d0000)
  eden space 3776K,   0% used [0x67080000, 0x67080000, 0x67430000)
  from space 448K, 100% used [0x67430000, 0x674a0000, 0x674a0000)
  to   space 448K,   0% used [0x674a0000, 0x674a0000, 0x67510000)
 tenured generation   total 9292K, used 8665K [0x717d0000, 0x720e3000, 0x86680000)
   the space 9292K,  93% used [0x717d0000, 0x72046438, 0x72046600, 0x720e3000)
 compacting perm gen  total 12288K, used 2434K [0x86680000, 0x87280000, 0x8a680000)
   the space 12288K,  19% used [0x86680000, 0x868e0b68, 0x868e0c00, 0x87280000)
    ro space 10240K,  58% used [0x8a680000, 0x8ac5cc30, 0x8ac5ce00, 0x8b080000)
    rw space 12288K,  59% used [0x8b080000, 0x8b79d098, 0x8b79d200, 0x8bc80000)
}
Event: 6,976 GC heap before
{Heap before GC invocations=14 (full 2):
 def new generation   total 4224K, used 4224K [0x67080000, 0x67510000, 0x717d0000)
  eden space 3776K, 100% used [0x67080000, 0x67430000, 0x67430000)
  from space 448K, 100% used [0x67430000, 0x674a0000, 0x674a0000)
  to   space 448K,   0% used [0x674a0000, 0x674a0000, 0x67510000)
 tenured generation   total 9292K, used 8665K [0x717d0000, 0x720e3000, 0x86680000)
   the space 9292K,  93% used [0x717d0000, 0x72046438, 0x72046600, 0x720e3000)
 compacting perm gen  total 12288K, used 2443K [0x86680000, 0x87280000, 0x8a680000)
   the space 12288K,  19% used [0x86680000, 0x868e2ee0, 0x868e3000, 0x87280000)
    ro space 10240K,  58% used [0x8a680000, 0x8ac5cc30, 0x8ac5ce00, 0x8b080000)
    rw space 12288K,  59% used [0x8b080000, 0x8b79d098, 0x8b79d200, 0x8bc80000)
Event: 6,981 GC heap after
Heap after GC invocations=15 (full 2):
 def new generation   total 4224K, used 448K [0x67080000, 0x67510000, 0x717d0000)
  eden space 3776K,   0% used [0x67080000, 0x67080000, 0x67430000)
  from space 448K, 100% used [0x674a0000, 0x67510000, 0x67510000)
  to   space 448K,   0% used [0x67430000, 0x67430000, 0x674a0000)
 tenured generation   total 9292K, used 9257K [0x717d0000, 0x720e3000, 0x86680000)
   the space 9292K,  99% used [0x717d0000, 0x720da610, 0x720da800, 0x720e3000)
 compacting perm gen  total 12288K, used 2443K [0x86680000, 0x87280000, 0x8a680000)
   the space 12288K,  19% used [0x86680000, 0x868e2ee0, 0x868e3000, 0x87280000)
    ro space 10240K,  58% used [0x8a680000, 0x8ac5cc30, 0x8ac5ce00, 0x8b080000)
    rw space 12288K,  59% used [0x8b080000, 0x8b79d098, 0x8b79d200, 0x8bc80000)
}
Event: 7,167 GC heap before
{Heap before GC invocations=15 (full 2):
 def new generation   total 4224K, used 4224K [0x67080000, 0x67510000, 0x717d0000)
  eden space 3776K, 100% used [0x67080000, 0x67430000, 0x67430000)
  from space 448K, 100% used [0x674a0000, 0x67510000, 0x67510000)
  to   space 448K,   0% used [0x67430000, 0x67430000, 0x674a0000)
 tenured generation   total 9292K, used 9257K [0x717d0000, 0x720e3000, 0x86680000)
   the space 9292K,  99% used [0x717d0000, 0x720da610, 0x720da800, 0x720e3000)
 compacting perm gen  total 12288K, used 2482K [0x86680000, 0x87280000, 0x8a680000)
   the space 12288K,  20% used [0x86680000, 0x868ecba0, 0x868ecc00, 0x87280000)
    ro space 10240K,  58% used [0x8a680000, 0x8ac5cc30, 0x8ac5ce00, 0x8b080000)
    rw space 12288K,  59% used [0x8b080000, 0x8b79d098, 0x8b79d200, 0x8bc80000)

